Using pre-set license
Built from '2020.2/release' branch; Version is '2020.2.0f1 (3721df5a8b28) revision 3613151'; Using compiler version '192528614'; Build Type 'Release'
OS: 'Windows 10  (10.0.0) 64bit' Language: 'en' Physical Memory: 16319 MB
BatchMode: 1, IsHumanControllingUs: 0, StartBugReporterOnCrash: 0, Is64bit: 1, IsPro: 0

 COMMAND LINE ARGUMENTS:
C:\Program Files\Unity\Hub\Editor\2020.2.0f1\Editor\Unity.exe
-adb2
-batchMode
-noUpm
-name
AssetImportWorker0
-projectPath
D:/Collection-of-things/Space
-logFile
Logs/AssetImportWorker0.log
-srvPort
50784
Successfully changed project path to: D:/Collection-of-things/Space
D:/Collection-of-things/Space
Using Asset Import Pipeline V2.
Refreshing native plugins compatible for Editor in 20.55 ms, found 0 plugins.
Preloading 0 native plugins for Editor in 0.00 ms.
Initialize engine version: 2020.2.0f1 (3721df5a8b28)
[Subsystems] Discovering subsystems at path C:/Program Files/Unity/Hub/Editor/2020.2.0f1/Editor/Data/Resources/UnitySubsystems
[Subsystems] Discovering subsystems at path D:/Collection-of-things/Space/Assets
GfxDevice: creating device client; threaded=0
Direct3D:
    Version:  Direct3D 11.0 [level 11.1]
    Renderer: NVIDIA GeForce GTX 1660 Ti (ID=0x2182)
    Vendor:   
    VRAM:     5991 MB
    Driver:   27.21.14.6109
Initialize mono
Mono path[0] = 'C:/Program Files/Unity/Hub/Editor/2020.2.0f1/Editor/Data/Managed'
Mono path[1] = 'C:/Program Files/Unity/Hub/Editor/2020.2.0f1/Editor/Data/MonoBleedingEdge/lib/mono/unityjit'
Mono config path = 'C:/Program Files/Unity/Hub/Editor/2020.2.0f1/Editor/Data/MonoBleedingEdge/etc'
Using monoOptions --debugger-agent=transport=dt_socket,embedding=1,server=y,suspend=n,address=127.0.0.1:56440
Begin MonoManager ReloadAssembly
Registering precompiled unity dll's ...
Register platform support module: C:/Program Files/Unity/Hub/Editor/2020.2.0f1/Editor/Data/PlaybackEngines/WindowsStandaloneSupport/UnityEditor.WindowsStandalone.Extensions.dll
Registered in 0.001527 seconds.
Native extension for WindowsStandalone target not found
Refreshing native plugins compatible for Editor in 20.30 ms, found 0 plugins.
Preloading 0 native plugins for Editor in 0.00 ms.
Invoked RoslynAnalysisRunner static constructor.
RoslynAnalysisRunner will not be running.
RoslynAnalysisRunner has terminated.
Mono: successfully reloaded assembly
- Completed reload, in  0.898 seconds
Platform modules already initialized, skipping
Registering precompiled user dll's ...
Registered in 0.000470 seconds.
Begin MonoManager ReloadAssembly
Native extension for WindowsStandalone target not found
Refreshing native plugins compatible for Editor in 0.18 ms, found 0 plugins.
Preloading 0 native plugins for Editor in 0.00 ms.
Invoked RoslynAnalysisRunner static constructor.
RoslynAnalysisRunner will not be running.
RoslynAnalysisRunner has terminated.
Mono: successfully reloaded assembly
- Completed reload, in  0.696 seconds
Platform modules already initialized, skipping
========================================================================
Worker process is ready to serve import requests
Launched and connected shader compiler UnityShaderCompiler.exe after 0.03 seconds
Refreshing native plugins compatible for Editor in 0.18 ms, found 0 plugins.
Preloading 0 native plugins for Editor in 0.00 ms.
Unloading 1094 Unused Serialized files (Serialized files now loaded: 0)
System memory in use before: 56.5 MB.
System memory in use after: 56.5 MB.

Unloading 10 unused Assets to reduce memory usage. Loaded Objects now: 1536.
Total: 1.671200 ms (FindLiveObjects: 0.111000 ms CreateObjectMapping: 0.031800 ms MarkObjects: 1.462400 ms  DeleteObjects: 0.064900 ms)

========================================================================
Received Import Request.
  path: Assets/Materials/New Material.mat
  artifactKey: Guid(ac971064b8975ca4f8f9234ee04272b9) Importer(815301076,1909f56bfc062723c751e8b465ee728b)
Start importing Assets/Materials/New Material.mat using Guid(ac971064b8975ca4f8f9234ee04272b9) Importer(815301076,1909f56bfc062723c751e8b465ee728b)  -> (artifact id: 'a4882c23e5daab6c63df9d437d4ebad8') in 0.097247 seconds
  Import took 0.098921 seconds .

========================================================================
Received Import Request.
  Time since last request: 22.154828 seconds.
  path: Assets/Materials/CyanSkybox/back.png
  artifactKey: Guid(0281916f25960f0459411bc93528c6d2) Importer(815301076,1909f56bfc062723c751e8b465ee728b)
Start importing Assets/Materials/CyanSkybox/back.png using Guid(0281916f25960f0459411bc93528c6d2) Importer(815301076,1909f56bfc062723c751e8b465ee728b)  -> (artifact id: 'bc5ef5fb8f7a770f2ec81a77d32c006f') in 0.532323 seconds
  Import took 0.534150 seconds .

========================================================================
Received Import Request.
  Time since last request: 0.000289 seconds.
  path: Assets/Materials/CyanSkybox/front.png
  artifactKey: Guid(c3dcfbec92f273648892dbb7cc463ee1) Importer(815301076,1909f56bfc062723c751e8b465ee728b)
Start importing Assets/Materials/CyanSkybox/front.png using Guid(c3dcfbec92f273648892dbb7cc463ee1) Importer(815301076,1909f56bfc062723c751e8b465ee728b)  -> (artifact id: '7533ed1a652401e7a1f782a87ccd4a3e') in 0.239894 seconds
  Import took 0.313866 seconds .

========================================================================
Received Import Request.
  Time since last request: 0.000391 seconds.
  path: Assets/Materials/CyanSkybox/top.png
  artifactKey: Guid(fe64e7c91bc398b46b255f380b0afcff) Importer(815301076,1909f56bfc062723c751e8b465ee728b)
Start importing Assets/Materials/CyanSkybox/top.png using Guid(fe64e7c91bc398b46b255f380b0afcff) Importer(815301076,1909f56bfc062723c751e8b465ee728b)  -> (artifact id: 'c83273f6fa99e621227976da7cc45f75') in 0.169539 seconds
  Import took 0.171275 seconds .

========================================================================
Received Import Request.
  Time since last request: 0.000280 seconds.
  path: Assets/Materials/CyanSkybox/bot.png
  artifactKey: Guid(877925c3ebf23d440b4710014a741f8a) Importer(815301076,1909f56bfc062723c751e8b465ee728b)
Start importing Assets/Materials/CyanSkybox/bot.png using Guid(877925c3ebf23d440b4710014a741f8a) Importer(815301076,1909f56bfc062723c751e8b465ee728b)  -> (artifact id: 'd1e765ddf541390f71747c4aed176a4f') in 0.077040 seconds
  Import took 0.078715 seconds .

========================================================================
Received Import Request.
  Time since last request: 0.000349 seconds.
  path: Assets/Materials/CyanSkybox/right.png
  artifactKey: Guid(e0a2702ba1ab2024b92a9a8f3d29d263) Importer(815301076,1909f56bfc062723c751e8b465ee728b)
Start importing Assets/Materials/CyanSkybox/right.png using Guid(e0a2702ba1ab2024b92a9a8f3d29d263) Importer(815301076,1909f56bfc062723c751e8b465ee728b)  -> (artifact id: 'deafe7fe608063b9e54a18533c8c4c57') in 0.176299 seconds
  Import took 0.192727 seconds .

========================================================================
Received Import Request.
  Time since last request: 0.000346 seconds.
  path: Assets/Materials/CyanSkybox/left.png
  artifactKey: Guid(bdccf0ca773cd9e479a1a2aefd7104fb) Importer(815301076,1909f56bfc062723c751e8b465ee728b)
Start importing Assets/Materials/CyanSkybox/left.png using Guid(bdccf0ca773cd9e479a1a2aefd7104fb) Importer(815301076,1909f56bfc062723c751e8b465ee728b)  -> (artifact id: '4107b6d8c90ac683becde8018b7ef74b') in 0.084613 seconds
  Import took 0.104688 seconds .

========================================================================
Received Import Request.
  Time since last request: 17.649650 seconds.
  path: Assets/Materials/CyanSkybox/New Material.mat
  artifactKey: Guid(5ca1b1cf79730e8449ad18b876cbbe5a) Importer(815301076,1909f56bfc062723c751e8b465ee728b)
Start importing Assets/Materials/CyanSkybox/New Material.mat using Guid(5ca1b1cf79730e8449ad18b876cbbe5a) Importer(815301076,1909f56bfc062723c751e8b465ee728b)  -> (artifact id: 'feccc48e33fc1619297af248f45cc2de') in 0.006972 seconds
  Import took 0.026652 seconds .

========================================================================
Received Import Request.
  Time since last request: 229.733530 seconds.
  path: Assets/Materials/CyanSkybox/CyanSkybox.mat
  artifactKey: Guid(5ca1b1cf79730e8449ad18b876cbbe5a) Importer(815301076,1909f56bfc062723c751e8b465ee728b)
Start importing Assets/Materials/CyanSkybox/CyanSkybox.mat using Guid(5ca1b1cf79730e8449ad18b876cbbe5a) Importer(815301076,1909f56bfc062723c751e8b465ee728b)  -> (artifact id: 'e5ebf5fd33c7cbdf4c37f5d6d1ba02ff') in 0.040561 seconds
  Import took 0.043886 seconds .

========================================================================
Received Import Request.
  Time since last request: 56.764602 seconds.
  path: Assets/Materials/New Material.mat
  artifactKey: Guid(ac971064b8975ca4f8f9234ee04272b9) Importer(815301076,1909f56bfc062723c751e8b465ee728b)
Start importing Assets/Materials/New Material.mat using Guid(ac971064b8975ca4f8f9234ee04272b9) Importer(815301076,1909f56bfc062723c751e8b465ee728b)  -> (artifact id: '34f43193b80fbe24bef75b9e30cd592f') in 0.006027 seconds
  Import took 0.084040 seconds .

========================================================================
Received Import Request.
  Time since last request: 4.962277 seconds.
  path: Assets/Materials/RedSkybox/bkg1_back6.png
  artifactKey: Guid(83dc495f8602267409637d64efb97dce) Importer(815301076,1909f56bfc062723c751e8b465ee728b)
Start importing Assets/Materials/RedSkybox/bkg1_back6.png using Guid(83dc495f8602267409637d64efb97dce) Importer(815301076,1909f56bfc062723c751e8b465ee728b)  -> (artifact id: 'cd958927db85fd0f9396e8723a7483cc') in 0.575270 seconds
  Import took 0.805525 seconds .

========================================================================
Received Import Request.
  Time since last request: 0.000273 seconds.
  path: Assets/Materials/RedSkybox/bkg2_front5.png
  artifactKey: Guid(571def302e4c9824d8cffcda8ff8b688) Importer(815301076,1909f56bfc062723c751e8b465ee728b)
Start importing Assets/Materials/RedSkybox/bkg2_front5.png using Guid(571def302e4c9824d8cffcda8ff8b688) Importer(815301076,1909f56bfc062723c751e8b465ee728b)  -> (artifact id: '67a3819d347a64e99495269db643d8ef') in 0.095496 seconds
  Import took 0.097464 seconds .

========================================================================
Received Import Request.
  Time since last request: 0.000272 seconds.
  path: Assets/Materials/RedSkybox/bkg2_bottom4.png
  artifactKey: Guid(fcbf88a0548c0654887648de4eadb5e0) Importer(815301076,1909f56bfc062723c751e8b465ee728b)
Start importing Assets/Materials/RedSkybox/bkg2_bottom4.png using Guid(fcbf88a0548c0654887648de4eadb5e0) Importer(815301076,1909f56bfc062723c751e8b465ee728b)  -> (artifact id: '967bf2517539cab80d4bc509632375c6') in 0.074679 seconds
  Import took 0.127874 seconds .

========================================================================
Received Import Request.
  Time since last request: 0.000415 seconds.
  path: Assets/Materials/RedSkybox/bkg2_top3.png
  artifactKey: Guid(f770d892760606446b7d6ed6d5c72b41) Importer(815301076,1909f56bfc062723c751e8b465ee728b)
Start importing Assets/Materials/RedSkybox/bkg2_top3.png using Guid(f770d892760606446b7d6ed6d5c72b41) Importer(815301076,1909f56bfc062723c751e8b465ee728b)  -> (artifact id: 'fc5bca3455f020a823a6305ad60c7458') in 0.063756 seconds
  Import took 0.072161 seconds .

========================================================================
Received Import Request.
  Time since last request: 0.000386 seconds.
  path: Assets/Materials/RedSkybox/bkg1_bottom4.png
  artifactKey: Guid(f5fda55a5d1cb844b9c17a52027e9f65) Importer(815301076,1909f56bfc062723c751e8b465ee728b)
Start importing Assets/Materials/RedSkybox/bkg1_bottom4.png using Guid(f5fda55a5d1cb844b9c17a52027e9f65) Importer(815301076,1909f56bfc062723c751e8b465ee728b)  -> (artifact id: '82c3c446b79f249b62728ae4bad8ed84') in 0.038553 seconds
  Import took 0.057790 seconds .

========================================================================
Received Import Request.
  Time since last request: 0.000313 seconds.
  path: Assets/Materials/RedSkybox/bkg1_top3.png
  artifactKey: Guid(fa27557a0a9ca7348be41ed660da206b) Importer(815301076,1909f56bfc062723c751e8b465ee728b)
Start importing Assets/Materials/RedSkybox/bkg1_top3.png using Guid(fa27557a0a9ca7348be41ed660da206b) Importer(815301076,1909f56bfc062723c751e8b465ee728b)  -> (artifact id: '0b9565ca140b9bea2b84bb1eb156883a') in 0.021861 seconds
  Import took 0.046416 seconds .

========================================================================
Received Import Request.
  Time since last request: 0.000336 seconds.
  path: Assets/Materials/RedSkybox/bkg1_front5.png
  artifactKey: Guid(c7026195086eb3540aa54765c66be0ff) Importer(815301076,1909f56bfc062723c751e8b465ee728b)
Start importing Assets/Materials/RedSkybox/bkg1_front5.png using Guid(c7026195086eb3540aa54765c66be0ff) Importer(815301076,1909f56bfc062723c751e8b465ee728b)  -> (artifact id: '8567b8569d076a1a1eb0e3060569ed1b') in 0.023733 seconds
  Import took 0.054442 seconds .

========================================================================
Received Import Request.
  Time since last request: 0.000404 seconds.
  path: Assets/Materials/RedSkybox/bkg3_bottom4.png
  artifactKey: Guid(93a74fcc4772dd848a1888707f4a2490) Importer(815301076,1909f56bfc062723c751e8b465ee728b)
Start importing Assets/Materials/RedSkybox/bkg3_bottom4.png using Guid(93a74fcc4772dd848a1888707f4a2490) Importer(815301076,1909f56bfc062723c751e8b465ee728b)  -> (artifact id: '57e7a443927055b872c5e7003b8b5807') in 0.065645 seconds
  Import took 0.067834 seconds .

========================================================================
Received Import Request.
  Time since last request: 0.000331 seconds.
  path: Assets/Materials/RedSkybox/bkg1_front5.png
  artifactKey: Guid(c7026195086eb3540aa54765c66be0ff) Importer(815301076,1909f56bfc062723c751e8b465ee728b)
Start importing Assets/Materials/RedSkybox/bkg1_front5.png using Guid(c7026195086eb3540aa54765c66be0ff) Importer(815301076,1909f56bfc062723c751e8b465ee728b)  -> (artifact id: '8567b8569d076a1a1eb0e3060569ed1b') in 0.006149 seconds
  Import took 0.008053 seconds .

========================================================================
Received Import Request.
  Time since last request: 0.000349 seconds.
  path: Assets/Materials/RedSkybox/bkg2_back6.png
  artifactKey: Guid(4a793646dbf7b214a9ec46bc7fc3bf8e) Importer(815301076,1909f56bfc062723c751e8b465ee728b)
Start importing Assets/Materials/RedSkybox/bkg2_back6.png using Guid(4a793646dbf7b214a9ec46bc7fc3bf8e) Importer(815301076,1909f56bfc062723c751e8b465ee728b)  -> (artifact id: '49e3291326368b0bcddbcfc4b1e78750') in 0.143850 seconds
  Import took 0.145409 seconds .

========================================================================
Received Import Request.
  Time since last request: 0.000347 seconds.
  path: Assets/Materials/RedSkybox/bkg1_left2.png
  artifactKey: Guid(87b93f3ff36ccce46b525ef32df47794) Importer(815301076,1909f56bfc062723c751e8b465ee728b)
Start importing Assets/Materials/RedSkybox/bkg1_left2.png using Guid(87b93f3ff36ccce46b525ef32df47794) Importer(815301076,1909f56bfc062723c751e8b465ee728b)  -> (artifact id: 'b18748b28c638b2b684029d885c1145c') in 0.055102 seconds
  Import took 0.057041 seconds .

========================================================================
Received Import Request.
  Time since last request: 0.000278 seconds.
  path: Assets/Materials/RedSkybox/bkg3_left2.png
  artifactKey: Guid(7f3d44d844b006d4683f42014115e770) Importer(815301076,1909f56bfc062723c751e8b465ee728b)
Start importing Assets/Materials/RedSkybox/bkg3_left2.png using Guid(7f3d44d844b006d4683f42014115e770) Importer(815301076,1909f56bfc062723c751e8b465ee728b)  -> (artifact id: 'b3066fe035a8cac23182a4696b60b0fd') in 0.082991 seconds
  Import took 0.084655 seconds .

========================================================================
Received Import Request.
  Time since last request: 0.000368 seconds.
  path: Assets/Materials/RedSkybox/bkg1_right1.png
  artifactKey: Guid(143bdd6e184603144a42194b0b60859c) Importer(815301076,1909f56bfc062723c751e8b465ee728b)
Start importing Assets/Materials/RedSkybox/bkg1_right1.png using Guid(143bdd6e184603144a42194b0b60859c) Importer(815301076,1909f56bfc062723c751e8b465ee728b)  -> (artifact id: '4a03421a2ae3ab92699d09f4b9fcdb24') in 0.034123 seconds
  Import took 0.036151 seconds .

========================================================================
Received Import Request.
  Time since last request: 0.000396 seconds.
  path: Assets/Materials/RedSkybox/bkg3_back6.png
  artifactKey: Guid(64e3d630e99204341a1299184809f79b) Importer(815301076,1909f56bfc062723c751e8b465ee728b)
Start importing Assets/Materials/RedSkybox/bkg3_back6.png using Guid(64e3d630e99204341a1299184809f79b) Importer(815301076,1909f56bfc062723c751e8b465ee728b)  -> (artifact id: '0d0f92c5f0e9a0985b42186b7f1a23bd') in 0.089122 seconds
  Import took 0.091597 seconds .

========================================================================
Received Import Request.
  Time since last request: 0.000552 seconds.
  path: Assets/Materials/RedSkybox/bkg3_top3.png
  artifactKey: Guid(b4a6da9167c9f9f40a3f89a3d458ce0c) Importer(815301076,1909f56bfc062723c751e8b465ee728b)
Start importing Assets/Materials/RedSkybox/bkg3_top3.png using Guid(b4a6da9167c9f9f40a3f89a3d458ce0c) Importer(815301076,1909f56bfc062723c751e8b465ee728b)  -> (artifact id: 'd697cbf481cef36010619b0234e4e9a3') in 0.088225 seconds
  Import took 0.090605 seconds .

========================================================================
Received Import Request.
  Time since last request: 0.000301 seconds.
  path: Assets/Materials/RedSkybox/bkg2_left2.png
  artifactKey: Guid(cb4a1c6390924124d84b4e6b3a8d2829) Importer(815301076,1909f56bfc062723c751e8b465ee728b)
Start importing Assets/Materials/RedSkybox/bkg2_left2.png using Guid(cb4a1c6390924124d84b4e6b3a8d2829) Importer(815301076,1909f56bfc062723c751e8b465ee728b)  -> (artifact id: '0db091c22ce27723350fcdc0f4015144') in 0.055568 seconds
  Import took 0.057119 seconds .

========================================================================
Received Import Request.
  Time since last request: 0.000295 seconds.
  path: Assets/Materials/RedSkybox/bkg3_right1.png
  artifactKey: Guid(0df194139c2796e498c74d05bcd99bc3) Importer(815301076,1909f56bfc062723c751e8b465ee728b)
Start importing Assets/Materials/RedSkybox/bkg3_right1.png using Guid(0df194139c2796e498c74d05bcd99bc3) Importer(815301076,1909f56bfc062723c751e8b465ee728b)  -> (artifact id: 'acd9a6f4ff6baa0313c194e3c92becf9') in 0.063983 seconds
  Import took 0.065650 seconds .

========================================================================
Received Import Request.
  Time since last request: 0.000340 seconds.
  path: Assets/Materials/RedSkybox/bkg2_right1.png
  artifactKey: Guid(4fc2907c7ef62d74fae10b118fea6c44) Importer(815301076,1909f56bfc062723c751e8b465ee728b)
Start importing Assets/Materials/RedSkybox/bkg2_right1.png using Guid(4fc2907c7ef62d74fae10b118fea6c44) Importer(815301076,1909f56bfc062723c751e8b465ee728b)  -> (artifact id: '7c90dc4e94fabf75ddf947b8db3f169b') in 0.053995 seconds
  Import took 0.055957 seconds .

========================================================================
Received Import Request.
  Time since last request: 0.000334 seconds.
  path: Assets/Materials/RedSkybox/bkg3_front5.png
  artifactKey: Guid(cc0c61cba1445494c99f99ef2d31f7c1) Importer(815301076,1909f56bfc062723c751e8b465ee728b)
Start importing Assets/Materials/RedSkybox/bkg3_front5.png using Guid(cc0c61cba1445494c99f99ef2d31f7c1) Importer(815301076,1909f56bfc062723c751e8b465ee728b)  -> (artifact id: 'f0ab77b4ea7686511023d120723d9f80') in 0.148532 seconds
  Import took 0.182214 seconds .

========================================================================
Received Prepare
Registering precompiled user dll's ...
Registered in 0.000569 seconds.
Begin MonoManager ReloadAssembly
Native extension for WindowsStandalone target not found
Refreshing native plugins compatible for Editor in 0.30 ms, found 0 plugins.
Preloading 0 native plugins for Editor in 0.00 ms.
Invoked RoslynAnalysisRunner static constructor.
RoslynAnalysisRunner will not be running.
RoslynAnalysisRunner has terminated.
Mono: successfully reloaded assembly
- Completed reload, in  0.832 seconds
Platform modules already initialized, skipping
Refreshing native plugins compatible for Editor in 0.25 ms, found 0 plugins.
Preloading 0 native plugins for Editor in 0.00 ms.
Unloading 1089 Unused Serialized files (Serialized files now loaded: 0)
System memory in use before: 60.0 MB.
System memory in use after: 60.1 MB.

Unloading 5 unused Assets to reduce memory usage. Loaded Objects now: 1580.
Total: 2.062900 ms (FindLiveObjects: 0.124900 ms CreateObjectMapping: 0.030100 ms MarkObjects: 1.865600 ms  DeleteObjects: 0.041200 ms)

