Using pre-set license
Built from '2020.2/release' branch; Version is '2020.2.0f1 (3721df5a8b28) revision 3613151'; Using compiler version '192528614'; Build Type 'Release'
OS: 'Windows 10  (10.0.0) 64bit' Language: 'en' Physical Memory: 16319 MB
BatchMode: 1, IsHumanControllingUs: 0, StartBugReporterOnCrash: 0, Is64bit: 1, IsPro: 0

 COMMAND LINE ARGUMENTS:
C:\Program Files\Unity\Hub\Editor\2020.2.0f1\Editor\Unity.exe
-adb2
-batchMode
-noUpm
-name
AssetImportWorker0
-projectPath
D:/Collection-of-things/SpaceGame
-logFile
Logs/AssetImportWorker0.log
-srvPort
51649
Successfully changed project path to: D:/Collection-of-things/SpaceGame
D:/Collection-of-things/SpaceGame
Using Asset Import Pipeline V2.
Refreshing native plugins compatible for Editor in 19.64 ms, found 0 plugins.
Preloading 0 native plugins for Editor in 0.00 ms.
Initialize engine version: 2020.2.0f1 (3721df5a8b28)
[Subsystems] Discovering subsystems at path C:/Program Files/Unity/Hub/Editor/2020.2.0f1/Editor/Data/Resources/UnitySubsystems
[Subsystems] Discovering subsystems at path D:/Collection-of-things/SpaceGame/Assets
GfxDevice: creating device client; threaded=0
Direct3D:
    Version:  Direct3D 11.0 [level 11.1]
    Renderer: NVIDIA GeForce GTX 1660 Ti (ID=0x2182)
    Vendor:   
    VRAM:     5991 MB
    Driver:   27.21.14.6109
Initialize mono
Mono path[0] = 'C:/Program Files/Unity/Hub/Editor/2020.2.0f1/Editor/Data/Managed'
Mono path[1] = 'C:/Program Files/Unity/Hub/Editor/2020.2.0f1/Editor/Data/MonoBleedingEdge/lib/mono/unityjit'
Mono config path = 'C:/Program Files/Unity/Hub/Editor/2020.2.0f1/Editor/Data/MonoBleedingEdge/etc'
Using monoOptions --debugger-agent=transport=dt_socket,embedding=1,server=y,suspend=n,address=127.0.0.1:56460
Begin MonoManager ReloadAssembly
Registering precompiled unity dll's ...
Register platform support module: C:/Program Files/Unity/Hub/Editor/2020.2.0f1/Editor/Data/PlaybackEngines/WindowsStandaloneSupport/UnityEditor.WindowsStandalone.Extensions.dll
Registered in 0.002816 seconds.
Native extension for WindowsStandalone target not found
Refreshing native plugins compatible for Editor in 19.41 ms, found 0 plugins.
Preloading 0 native plugins for Editor in 0.00 ms.
Invoked RoslynAnalysisRunner static constructor.
RoslynAnalysisRunner will not be running.
RoslynAnalysisRunner has terminated.
Mono: successfully reloaded assembly
- Completed reload, in  0.953 seconds
Platform modules already initialized, skipping
Registering precompiled user dll's ...
Registered in 0.000495 seconds.
Begin MonoManager ReloadAssembly
Native extension for WindowsStandalone target not found
Refreshing native plugins compatible for Editor in 0.19 ms, found 0 plugins.
Preloading 0 native plugins for Editor in 0.00 ms.
Invoked RoslynAnalysisRunner static constructor.
RoslynAnalysisRunner will not be running.
RoslynAnalysisRunner has terminated.
Mono: successfully reloaded assembly
- Completed reload, in  0.707 seconds
Platform modules already initialized, skipping
========================================================================
Worker process is ready to serve import requests
Launched and connected shader compiler UnityShaderCompiler.exe after 0.19 seconds
Refreshing native plugins compatible for Editor in 0.17 ms, found 0 plugins.
Preloading 0 native plugins for Editor in 0.00 ms.
Unloading 1094 Unused Serialized files (Serialized files now loaded: 0)
System memory in use before: 55.9 MB.
System memory in use after: 55.9 MB.

Unloading 10 unused Assets to reduce memory usage. Loaded Objects now: 1533.
Total: 2.005500 ms (FindLiveObjects: 0.124800 ms CreateObjectMapping: 0.041100 ms MarkObjects: 1.777000 ms  DeleteObjects: 0.060900 ms)

========================================================================
Received Import Request.
  path: Assets
  artifactKey: Guid(00000000000000001000000000000000) Importer(815301076,1909f56bfc062723c751e8b465ee728b)
Start importing Assets using Guid(00000000000000001000000000000000) Importer(815301076,1909f56bfc062723c751e8b465ee728b)  -> (artifact id: 'b41cfa13f056e58f64cf5f3363de7353') in 0.003691 seconds
  Import took 0.006095 seconds .

========================================================================
Received Import Request.
  Time since last request: 6.937615 seconds.
  path: Assets/Materials
  artifactKey: Guid(9bb7f5bed2ca5664687a9150fa8b55dd) Importer(815301076,1909f56bfc062723c751e8b465ee728b)
Start importing Assets/Materials using Guid(9bb7f5bed2ca5664687a9150fa8b55dd) Importer(815301076,1909f56bfc062723c751e8b465ee728b)  -> (artifact id: '36d19899d5ac37af280eae33e0b35efd') in 0.002291 seconds
  Import took 0.005489 seconds .

========================================================================
Received Import Request.
  Time since last request: 7.236186 seconds.
  path: Assets/Objects
  artifactKey: Guid(7cc96f64a706d0642b8c4117dc34c285) Importer(815301076,1909f56bfc062723c751e8b465ee728b)
Start importing Assets/Objects using Guid(7cc96f64a706d0642b8c4117dc34c285) Importer(815301076,1909f56bfc062723c751e8b465ee728b)  -> (artifact id: '52996cfeddc4bb7c7196c70c7bb6bb5b') in 0.002179 seconds
  Import took 0.207237 seconds .

========================================================================
Received Import Request.
  Time since last request: 7.297640 seconds.
  path: Assets/Scripts
  artifactKey: Guid(9e8a59882c7e2f543995343daadc868d) Importer(815301076,1909f56bfc062723c751e8b465ee728b)
Start importing Assets/Scripts using Guid(9e8a59882c7e2f543995343daadc868d) Importer(815301076,1909f56bfc062723c751e8b465ee728b)  -> (artifact id: '723ba2424ea71f2f49441908dd3f085b') in 0.002194 seconds
  Import took 0.019006 seconds .

========================================================================
Received Import Request.
  Time since last request: 0.001171 seconds.
  path: Assets/Scripts
  artifactKey: Guid(9e8a59882c7e2f543995343daadc868d) Importer(815301076,1909f56bfc062723c751e8b465ee728b)
Start importing Assets/Scripts using Guid(9e8a59882c7e2f543995343daadc868d) Importer(815301076,1909f56bfc062723c751e8b465ee728b)  -> (artifact id: '723ba2424ea71f2f49441908dd3f085b') in 0.001592 seconds
  Import took 0.004490 seconds .

========================================================================
Received Import Request.
  Time since last request: 16.196275 seconds.
  path: Assets/Materials/tex_5.jpg
  artifactKey: Guid(681360476080d6447a3e6d128fdfb904) Importer(815301076,1909f56bfc062723c751e8b465ee728b)
Start importing Assets/Materials/tex_5.jpg using Guid(681360476080d6447a3e6d128fdfb904) Importer(815301076,1909f56bfc062723c751e8b465ee728b)  -> (artifact id: 'ed9edb4d10f166a8b2154edaa09db61f') in 0.081352 seconds
  Import took 0.083327 seconds .

========================================================================
Received Import Request.
  Time since last request: 15.952079 seconds.
  path: Assets/Objects/UFO.obj
  artifactKey: Guid(6bb60bc05159d124394b8ba14b76c98a) Importer(815301076,1909f56bfc062723c751e8b465ee728b)
Start importing Assets/Objects/UFO.obj using Guid(6bb60bc05159d124394b8ba14b76c98a) Importer(815301076,1909f56bfc062723c751e8b465ee728b)  -> (artifact id: 'c21251c49fca8df597a655910189d231') in 0.298797 seconds
  Import took 0.300555 seconds .

